<testsuites tests="1" failures="1">
    <testsuite name="ALERTS" tests="1" failures="1" errors="0" id="0" time="">
        <testcase name="DATA RACE: Data race detected in TestFoo">
            <failure message="DATA RACE" type="DATA RACE"><![CDATA[WARNING: DATA RACE
Write at 0x00c000123456 by goroutine 7:
  go.temporal.io/server/service/worker/scheduler.(*scheduler).updateTweakables.func1()
      /path/to/workflow.go:1442 +0x123

Previous read at 0x00c000123456 by goroutine 8:
  go.temporal.io/server/service/worker/scheduler.(*scheduler).run()
      /path/to/workflow.go:466 +0x456]]></failure>
        </testcase>
    </testsuite>
</testsuites>
